state 35 contains 1 shift/reduce conflicts


-------- Grammar --------

rule 1 bloque: "with" declaraciones "begin" instruccion "end"
rule 2 bloque: "begin" instruccion "end"
rule 3 tipo: "char"
rule 4 tipo: "bool"
rule 5 tipo: "int"
rule 6 tipo: "matrix" "[" expresiones "]" "of" tipo
rule 7 declaracion: "var" declarables ":" tipo
rule 8 declaraciones: declaraciones declaracion
rule 9 declaraciones: declaracion
rule 10 declarable: "id" "<-" expresion
rule 11 declarable: "id"
rule 12 declarables: declarables "," declarable
rule 13 declarables: declarable
rule 14 valor: contenedor
rule 15 valor: literal
rule 16 contenedor: "id"
rule 17 contenedor: contenedor "[" expresiones "]"
rule 18 literal: "true"
rule 19 literal: "false"
rule 20 literal: "numero"
rule 21 literal: "caracter"
rule 22 literal: matriz
rule 23 matriz: "{" "}"
rule 24 matriz: "{" expresiones "}"
rule 25 expresiones: expresiones "," expresion
rule 26 expresiones: expresion
rule 27 instruccion: instruccion_unica
rule 28 instruccion: secuenciacion
rule 29 instruccion_unica: asignacion
rule 30 instruccion_unica: bloque
rule 31 instruccion_unica: entrada_salida
rule 32 instruccion_unica: repeticion_det
rule 33 instruccion_unica: repeticion_indet
rule 34 instruccion_unica: condicional
rule 35 asignacion: contenedor "<-" expresion "."
rule 36 entrada_salida: "read" contenedor "."
rule 37 entrada_salida: "print" expresion "."
rule 38 instrucciones: instrucciones instruccion_unica
rule 39 instrucciones: instruccion_unica
rule 40 secuenciacion: instrucciones instruccion_unica
rule 41 condicional: "if" expresion "->" instruccion "end"
rule 42 condicional: "if" expresion "->" instruccion "otherwise" instruccion "end"
rule 43 repeticion_det: "for" "id" "from" expresion "to" expresion "->" instruccion "end"
rule 44 repeticion_det: "for" "id" "from" expresion "to" expresion "step" expresion "->" instruccion "end"
rule 45 repeticion_indet: "while" expresion "->" instruccion "end"
rule 46 expresion: expresion_aritm
rule 47 expresion: expresion_bool
rule 48 expresion: expresion_char
rule 49 expresion: expresion_rel
rule 50 expresion: expresion_matr
rule 51 expresion: "(" expresion ")"
rule 52 expresion: valor
rule 53 expresion_aritm: expresion "+" expresion
rule 54 expresion_aritm: expresion "-" expresion
rule 55 expresion_aritm: expresion "*" expresion
rule 56 expresion_aritm: expresion "/" expresion
rule 57 expresion_aritm: expresion "%" expresion
rule 58 expresion_aritm: "-" expresion
rule 59 expresion_bool: expresion "/\\" expresion
rule 60 expresion_bool: expresion "\\/" expresion
rule 61 expresion_bool: "not" expresion
rule 62 expresion_char: expresion "++"
rule 63 expresion_char: expresion "--"
rule 64 expresion_char: "#" expresion
rule 65 expresion_matr: expresion "::" expresion
rule 66 expresion_matr: "$" expresion
rule 67 expresion_matr: expresion "?"
rule 68 expresion_matr: expresion "[" expresiones "]"
rule 69 expresion_rel: expresion "=" expresion
rule 70 expresion_rel: expresion "/=" expresion
rule 71 expresion_rel: expresion "<" expresion
rule 72 expresion_rel: expresion ">" expresion
rule 73 expresion_rel: expresion "<=" expresion
rule 74 expresion_rel: expresion ">=" expresion

------- Symbols -------

**Nonterminals, with rules where they appear

  $start (57)
    on right: 
    on left : 
  bloque (58)
    on right: 30
    on left : 1 2
  declaraciones (59)
    on right: 1 8
    on left : 8 9
  instruccion (60)
    on right: 1 2 41 42 43 44 45
    on left : 27 28
  tipo (61)
    on right: 6 7
    on left : 3 4 5 6
  expresiones (62)
    on right: 6 17 24 25 68
    on left : 25 26
  declaracion (63)
    on right: 8 9
    on left : 7
  declarables (64)
    on right: 7 12
    on left : 12 13
  declarable (65)
    on right: 12 13
    on left : 10 11
  expresion (66)
    on right: 10 25 26 35 37 41 42 43 44 45 51 53 54 55 56 57 58 59 60 61 62 63 64 65 66 67 68 69 70 71 72 73 74
    on left : 46 47 48 49 50 51 52
  valor (67)
    on right: 52
    on left : 14 15
  contenedor (68)
    on right: 14 17 35 36
    on left : 16 17
  literal (69)
    on right: 15
    on left : 18 19 20 21 22
  matriz (70)
    on right: 22
    on left : 23 24
  instruccion_unica (71)
    on right: 27 38 39 40
    on left : 29 30 31 32 33 34
  secuenciacion (72)
    on right: 28
    on left : 40
  asignacion (73)
    on right: 29
    on left : 35
  entrada_salida (74)
    on right: 31
    on left : 36 37
  repeticion_det (75)
    on right: 32
    on left : 43 44
  repeticion_indet (76)
    on right: 33
    on left : 45
  condicional (77)
    on right: 34
    on left : 41 42
  instrucciones (78)
    on right: 38 40
    on left : 38 39
  expresion_aritm (79)
    on right: 46
    on left : 53 54 55 56 57 58
  expresion_bool (80)
    on right: 47
    on left : 59 60 61
  expresion_char (81)
    on right: 48
    on left : 62 63 64
  expresion_rel (82)
    on right: 49
    on left : 69 70 71 72 73 74
  expresion_matr (83)
    on right: 50
    on left : 65 66 67 68

**Terminals, with rules where they appear

  $end (0) 
  error (1) 
  "/\\" (2) 59
  "\\/" (3) 60
  "<=" (4) 73
  ">=" (5) 74
  "/=" (6) 70
  "++" (7) 62
  "--" (8) 63
  "::" (9) 65
  "->" (10) 41 42 43 44 45
  "<-" (11) 10 35
  "<" (12) 71
  ">" (13) 72
  "=" (14) 69
  "#" (15) 64
  "$" (16) 66
  "?" (17) 67
  "," (18) 12 25
  "." (19) 35 36 37
  ":" (20) 7
  "(" (21) 51
  ")" (22) 51
  "[" (23) 6 17 68
  "]" (24) 6 17 68
  "{" (25) 23 24
  "}" (26) 23 24
  "+" (27) 53
  "-" (28) 54 58
  "*" (29) 55
  "/" (30) 56
  "%" (31) 57
  "not" (32) 61
  "caracter" (33) 21
  "false" (34) 19
  "true" (35) 18
  "id" (36) 10 11 16 43 44
  "numero" (37) 20
  "begin" (38) 1 2
  "end" (39) 1 2 41 42 43 44 45
  "if" (40) 41 42
  "with" (41) 1
  "var" (42) 7
  "char" (43) 3
  "bool" (44) 4
  "matrix" (45) 6
  "int" (46) 5
  "print" (47) 37
  "otherwise" (48) 42
  "for" (49) 43 44
  "read" (50) 36
  "step" (51) 44
  "from" (52) 43 44
  "to" (53) 43 44
  "of" (54) 6
  "while" (55) 45
  MENOS_UNARIO (56) 

--------- State ---------

state 0


  "begin"       shift, and go to state 3
  "with"        shift, and go to state 2

  bloque        go to state 1

state 1


  $end          shift, and go to state 4


state 2

   1) bloque : "with" _ declaraciones "begin" instruccion "end"

  "var"         shift, and go to state 6

  declaraciones  go to state 5
  declaracion   go to state 7

state 3

   2) bloque : "begin" _ instruccion "end"

  "id"          shift, and go to state 9
  "begin"       shift, and go to state 3
  "if"          shift, and go to state 22
  "with"        shift, and go to state 2
  "print"       shift, and go to state 20
  "for"         shift, and go to state 23
  "read"        shift, and go to state 19
  "while"       shift, and go to state 24

  instruccion   go to state 8
  contenedor    go to state 10
  instruccion_unica  go to state 11
  secuenciacion  go to state 12
  asignacion    go to state 13
  bloque        go to state 14
  entrada_salida  go to state 15
  repeticion_det  go to state 16
  repeticion_indet  go to state 17
  condicional   go to state 18
  instrucciones  go to state 21

state 4


  $end          shift, and go to state 25


state 5

   1) bloque : "with" declaraciones _ "begin" instruccion "end"
   8) declaraciones : declaraciones _ declaracion

  "begin"       shift, and go to state 26
  "var"         shift, and go to state 6

  declaracion   go to state 27

state 6

   7) declaracion : "var" _ declarables ":" tipo

  "id"          shift, and go to state 29

  declarables   go to state 28
  declarable    go to state 30

state 7

   9) declaraciones : declaracion _

  $default      reduce using rule 9 (declaraciones)


state 8

   2) bloque : "begin" instruccion _ "end"

  "end"         shift, and go to state 31


state 9

  16) contenedor : "id" _

  $default      reduce using rule 16 (contenedor)


state 10

  17) contenedor : contenedor _ "[" expresiones "]"
  35) asignacion : contenedor _ "<-" expresion "."

  "<-"          shift, and go to state 33
  "["           shift, and go to state 32


state 11

  27) instruccion : instruccion_unica _
  39) instrucciones : instruccion_unica _

  "end"         reduce using rule 27 (instruccion)
  "otherwise"   reduce using rule 27 (instruccion)
  $default      reduce using rule 39 (instrucciones)


state 12

  28) instruccion : secuenciacion _

  $default      reduce using rule 28 (instruccion)


state 13

  29) instruccion_unica : asignacion _

  $default      reduce using rule 29 (instruccion_unica)


state 14

  30) instruccion_unica : bloque _

  $default      reduce using rule 30 (instruccion_unica)


state 15

  31) instruccion_unica : entrada_salida _

  $default      reduce using rule 31 (instruccion_unica)


state 16

  32) instruccion_unica : repeticion_det _

  $default      reduce using rule 32 (instruccion_unica)


state 17

  33) instruccion_unica : repeticion_indet _

  $default      reduce using rule 33 (instruccion_unica)


state 18

  34) instruccion_unica : condicional _

  $default      reduce using rule 34 (instruccion_unica)


state 19

  36) entrada_salida : "read" _ contenedor "."

  "id"          shift, and go to state 9

  contenedor    go to state 34

state 20

  37) entrada_salida : "print" _ expresion "."

  "#"           shift, and go to state 53
  "$"           shift, and go to state 54
  "("           shift, and go to state 49
  "{"           shift, and go to state 42
  "-"           shift, and go to state 51
  "not"         shift, and go to state 52
  "caracter"    shift, and go to state 40
  "false"       shift, and go to state 38
  "true"        shift, and go to state 37
  "id"          shift, and go to state 9
  "numero"      shift, and go to state 39

  contenedor    go to state 35
  literal       go to state 36
  matriz        go to state 41
  expresion     go to state 43
  expresion_aritm  go to state 44
  expresion_bool  go to state 45
  expresion_char  go to state 46
  expresion_rel  go to state 47
  expresion_matr  go to state 48
  valor         go to state 50

state 21

  38) instrucciones : instrucciones _ instruccion_unica
  40) secuenciacion : instrucciones _ instruccion_unica

  "id"          shift, and go to state 9
  "begin"       shift, and go to state 3
  "if"          shift, and go to state 22
  "with"        shift, and go to state 2
  "print"       shift, and go to state 20
  "for"         shift, and go to state 23
  "read"        shift, and go to state 19
  "while"       shift, and go to state 24

  contenedor    go to state 10
  asignacion    go to state 13
  bloque        go to state 14
  entrada_salida  go to state 15
  repeticion_det  go to state 16
  repeticion_indet  go to state 17
  condicional   go to state 18
  instruccion_unica  go to state 55

state 22

  41) condicional : "if" _ expresion "->" instruccion "end"
  42) condicional : "if" _ expresion "->" instruccion "otherwise" instruccion "end"

  "#"           shift, and go to state 53
  "$"           shift, and go to state 54
  "("           shift, and go to state 49
  "{"           shift, and go to state 42
  "-"           shift, and go to state 51
  "not"         shift, and go to state 52
  "caracter"    shift, and go to state 40
  "false"       shift, and go to state 38
  "true"        shift, and go to state 37
  "id"          shift, and go to state 9
  "numero"      shift, and go to state 39

  contenedor    go to state 35
  literal       go to state 36
  matriz        go to state 41
  expresion     go to state 56
  expresion_aritm  go to state 44
  expresion_bool  go to state 45
  expresion_char  go to state 46
  expresion_rel  go to state 47
  expresion_matr  go to state 48
  valor         go to state 50

state 23

  43) repeticion_det : "for" _ "id" "from" expresion "to" expresion "->" instruccion "end"
  44) repeticion_det : "for" _ "id" "from" expresion "to" expresion "step" expresion "->" instruccion "end"

  "id"          shift, and go to state 57


state 24

  45) repeticion_indet : "while" _ expresion "->" instruccion "end"

  "#"           shift, and go to state 53
  "$"           shift, and go to state 54
  "("           shift, and go to state 49
  "{"           shift, and go to state 42
  "-"           shift, and go to state 51
  "not"         shift, and go to state 52
  "caracter"    shift, and go to state 40
  "false"       shift, and go to state 38
  "true"        shift, and go to state 37
  "id"          shift, and go to state 9
  "numero"      shift, and go to state 39

  contenedor    go to state 35
  literal       go to state 36
  matriz        go to state 41
  expresion     go to state 58
  expresion_aritm  go to state 44
  expresion_bool  go to state 45
  expresion_char  go to state 46
  expresion_rel  go to state 47
  expresion_matr  go to state 48
  valor         go to state 50

state 25


  $default      accept


state 26

   1) bloque : "with" declaraciones "begin" _ instruccion "end"

  "id"          shift, and go to state 9
  "begin"       shift, and go to state 3
  "if"          shift, and go to state 22
  "with"        shift, and go to state 2
  "print"       shift, and go to state 20
  "for"         shift, and go to state 23
  "read"        shift, and go to state 19
  "while"       shift, and go to state 24

  instruccion   go to state 59
  contenedor    go to state 10
  instruccion_unica  go to state 11
  secuenciacion  go to state 12
  asignacion    go to state 13
  bloque        go to state 14
  entrada_salida  go to state 15
  repeticion_det  go to state 16
  repeticion_indet  go to state 17
  condicional   go to state 18
  instrucciones  go to state 21

state 27

   8) declaraciones : declaraciones declaracion _

  $default      reduce using rule 8 (declaraciones)


state 28

   7) declaracion : "var" declarables _ ":" tipo
  12) declarables : declarables _ "," declarable

  ","           shift, and go to state 61
  ":"           shift, and go to state 60


state 29

  10) declarable : "id" _ "<-" expresion
  11) declarable : "id" _

  "<-"          shift, and go to state 62
  $default      reduce using rule 11 (declarable)


state 30

  13) declarables : declarable _

  $default      reduce using rule 13 (declarables)


state 31

   2) bloque : "begin" instruccion "end" _

  $default      reduce using rule 2 (bloque)


state 32

  17) contenedor : contenedor "[" _ expresiones "]"

  "#"           shift, and go to state 53
  "$"           shift, and go to state 54
  "("           shift, and go to state 49
  "{"           shift, and go to state 42
  "-"           shift, and go to state 51
  "not"         shift, and go to state 52
  "caracter"    shift, and go to state 40
  "false"       shift, and go to state 38
  "true"        shift, and go to state 37
  "id"          shift, and go to state 9
  "numero"      shift, and go to state 39

  contenedor    go to state 35
  literal       go to state 36
  expresiones   go to state 63
  matriz        go to state 41
  expresion     go to state 64
  expresion_aritm  go to state 44
  expresion_bool  go to state 45
  expresion_char  go to state 46
  expresion_rel  go to state 47
  expresion_matr  go to state 48
  valor         go to state 50

state 33

  35) asignacion : contenedor "<-" _ expresion "."

  "#"           shift, and go to state 53
  "$"           shift, and go to state 54
  "("           shift, and go to state 49
  "{"           shift, and go to state 42
  "-"           shift, and go to state 51
  "not"         shift, and go to state 52
  "caracter"    shift, and go to state 40
  "false"       shift, and go to state 38
  "true"        shift, and go to state 37
  "id"          shift, and go to state 9
  "numero"      shift, and go to state 39

  contenedor    go to state 35
  literal       go to state 36
  matriz        go to state 41
  expresion     go to state 65
  expresion_aritm  go to state 44
  expresion_bool  go to state 45
  expresion_char  go to state 46
  expresion_rel  go to state 47
  expresion_matr  go to state 48
  valor         go to state 50

state 34

  17) contenedor : contenedor _ "[" expresiones "]"
  36) entrada_salida : "read" contenedor _ "."

  "."           shift, and go to state 66
  "["           shift, and go to state 32


state 35

  14) valor : contenedor _
  17) contenedor : contenedor _ "[" expresiones "]"

  "["           shift, and go to state 32
  "["           [reduce using rule 14 (valor)]
  $default      reduce using rule 14 (valor)


state 36

  15) valor : literal _

  $default      reduce using rule 15 (valor)


state 37

  18) literal : "true" _

  $default      reduce using rule 18 (literal)


state 38

  19) literal : "false" _

  $default      reduce using rule 19 (literal)


state 39

  20) literal : "numero" _

  $default      reduce using rule 20 (literal)


state 40

  21) literal : "caracter" _

  $default      reduce using rule 21 (literal)


state 41

  22) literal : matriz _

  $default      reduce using rule 22 (literal)


state 42

  23) matriz : "{" _ "}"
  24) matriz : "{" _ expresiones "}"

  "#"           shift, and go to state 53
  "$"           shift, and go to state 54
  "("           shift, and go to state 49
  "{"           shift, and go to state 42
  "}"           shift, and go to state 67
  "-"           shift, and go to state 51
  "not"         shift, and go to state 52
  "caracter"    shift, and go to state 40
  "false"       shift, and go to state 38
  "true"        shift, and go to state 37
  "id"          shift, and go to state 9
  "numero"      shift, and go to state 39

  contenedor    go to state 35
  literal       go to state 36
  matriz        go to state 41
  expresiones   go to state 68
  expresion     go to state 64
  expresion_aritm  go to state 44
  expresion_bool  go to state 45
  expresion_char  go to state 46
  expresion_rel  go to state 47
  expresion_matr  go to state 48
  valor         go to state 50

state 43

  37) entrada_salida : "print" expresion _ "."
  53) expresion_aritm : expresion _ "+" expresion
  54) expresion_aritm : expresion _ "-" expresion
  55) expresion_aritm : expresion _ "*" expresion
  56) expresion_aritm : expresion _ "/" expresion
  57) expresion_aritm : expresion _ "%" expresion
  59) expresion_bool : expresion _ "/\\" expresion
  60) expresion_bool : expresion _ "\\/" expresion
  62) expresion_char : expresion _ "++"
  63) expresion_char : expresion _ "--"
  65) expresion_matr : expresion _ "::" expresion
  67) expresion_matr : expresion _ "?"
  68) expresion_matr : expresion _ "[" expresiones "]"
  69) expresion_rel : expresion _ "=" expresion
  70) expresion_rel : expresion _ "/=" expresion
  71) expresion_rel : expresion _ "<" expresion
  72) expresion_rel : expresion _ ">" expresion
  73) expresion_rel : expresion _ "<=" expresion
  74) expresion_rel : expresion _ ">=" expresion

  "/\\"         shift, and go to state 75
  "\\/"         shift, and go to state 76
  "<="          shift, and go to state 86
  ">="          shift, and go to state 87
  "/="          shift, and go to state 83
  "++"          shift, and go to state 77
  "--"          shift, and go to state 78
  "::"          shift, and go to state 79
  "<"           shift, and go to state 84
  ">"           shift, and go to state 85
  "="           shift, and go to state 82
  "?"           shift, and go to state 80
  "."           shift, and go to state 69
  "["           shift, and go to state 81
  "+"           shift, and go to state 70
  "-"           shift, and go to state 71
  "*"           shift, and go to state 72
  "/"           shift, and go to state 73
  "%"           shift, and go to state 74


state 44

  46) expresion : expresion_aritm _

  $default      reduce using rule 46 (expresion)


state 45

  47) expresion : expresion_bool _

  $default      reduce using rule 47 (expresion)


state 46

  48) expresion : expresion_char _

  $default      reduce using rule 48 (expresion)


state 47

  49) expresion : expresion_rel _

  $default      reduce using rule 49 (expresion)


state 48

  50) expresion : expresion_matr _

  $default      reduce using rule 50 (expresion)


state 49

  51) expresion : "(" _ expresion ")"

  "#"           shift, and go to state 53
  "$"           shift, and go to state 54
  "("           shift, and go to state 49
  "{"           shift, and go to state 42
  "-"           shift, and go to state 51
  "not"         shift, and go to state 52
  "caracter"    shift, and go to state 40
  "false"       shift, and go to state 38
  "true"        shift, and go to state 37
  "id"          shift, and go to state 9
  "numero"      shift, and go to state 39

  contenedor    go to state 35
  literal       go to state 36
  matriz        go to state 41
  expresion_aritm  go to state 44
  expresion_bool  go to state 45
  expresion_char  go to state 46
  expresion_rel  go to state 47
  expresion_matr  go to state 48
  expresion     go to state 88
  valor         go to state 50

state 50

  52) expresion : valor _

  $default      reduce using rule 52 (expresion)


state 51

  58) expresion_aritm : "-" _ expresion

  "#"           shift, and go to state 53
  "$"           shift, and go to state 54
  "("           shift, and go to state 49
  "{"           shift, and go to state 42
  "-"           shift, and go to state 51
  "not"         shift, and go to state 52
  "caracter"    shift, and go to state 40
  "false"       shift, and go to state 38
  "true"        shift, and go to state 37
  "id"          shift, and go to state 9
  "numero"      shift, and go to state 39

  contenedor    go to state 35
  literal       go to state 36
  matriz        go to state 41
  expresion_aritm  go to state 44
  expresion_bool  go to state 45
  expresion_char  go to state 46
  expresion_rel  go to state 47
  expresion_matr  go to state 48
  valor         go to state 50
  expresion     go to state 89

state 52

  61) expresion_bool : "not" _ expresion

  "#"           shift, and go to state 53
  "$"           shift, and go to state 54
  "("           shift, and go to state 49
  "{"           shift, and go to state 42
  "-"           shift, and go to state 51
  "not"         shift, and go to state 52
  "caracter"    shift, and go to state 40
  "false"       shift, and go to state 38
  "true"        shift, and go to state 37
  "id"          shift, and go to state 9
  "numero"      shift, and go to state 39

  contenedor    go to state 35
  literal       go to state 36
  matriz        go to state 41
  expresion_aritm  go to state 44
  expresion_bool  go to state 45
  expresion_char  go to state 46
  expresion_rel  go to state 47
  expresion_matr  go to state 48
  valor         go to state 50
  expresion     go to state 90

state 53

  64) expresion_char : "#" _ expresion

  "#"           shift, and go to state 53
  "$"           shift, and go to state 54
  "("           shift, and go to state 49
  "{"           shift, and go to state 42
  "-"           shift, and go to state 51
  "not"         shift, and go to state 52
  "caracter"    shift, and go to state 40
  "false"       shift, and go to state 38
  "true"        shift, and go to state 37
  "id"          shift, and go to state 9
  "numero"      shift, and go to state 39

  contenedor    go to state 35
  literal       go to state 36
  matriz        go to state 41
  expresion_aritm  go to state 44
  expresion_bool  go to state 45
  expresion_char  go to state 46
  expresion_rel  go to state 47
  expresion_matr  go to state 48
  valor         go to state 50
  expresion     go to state 91

state 54

  66) expresion_matr : "$" _ expresion

  "#"           shift, and go to state 53
  "$"           shift, and go to state 54
  "("           shift, and go to state 49
  "{"           shift, and go to state 42
  "-"           shift, and go to state 51
  "not"         shift, and go to state 52
  "caracter"    shift, and go to state 40
  "false"       shift, and go to state 38
  "true"        shift, and go to state 37
  "id"          shift, and go to state 9
  "numero"      shift, and go to state 39

  contenedor    go to state 35
  literal       go to state 36
  matriz        go to state 41
  expresion_aritm  go to state 44
  expresion_bool  go to state 45
  expresion_char  go to state 46
  expresion_rel  go to state 47
  expresion_matr  go to state 48
  valor         go to state 50
  expresion     go to state 92

state 55

  38) instrucciones : instrucciones instruccion_unica _
  40) secuenciacion : instrucciones instruccion_unica _

  "end"         reduce using rule 40 (secuenciacion)
  "otherwise"   reduce using rule 40 (secuenciacion)
  $default      reduce using rule 38 (instrucciones)


state 56

  41) condicional : "if" expresion _ "->" instruccion "end"
  42) condicional : "if" expresion _ "->" instruccion "otherwise" instruccion "end"
  53) expresion_aritm : expresion _ "+" expresion
  54) expresion_aritm : expresion _ "-" expresion
  55) expresion_aritm : expresion _ "*" expresion
  56) expresion_aritm : expresion _ "/" expresion
  57) expresion_aritm : expresion _ "%" expresion
  59) expresion_bool : expresion _ "/\\" expresion
  60) expresion_bool : expresion _ "\\/" expresion
  62) expresion_char : expresion _ "++"
  63) expresion_char : expresion _ "--"
  65) expresion_matr : expresion _ "::" expresion
  67) expresion_matr : expresion _ "?"
  68) expresion_matr : expresion _ "[" expresiones "]"
  69) expresion_rel : expresion _ "=" expresion
  70) expresion_rel : expresion _ "/=" expresion
  71) expresion_rel : expresion _ "<" expresion
  72) expresion_rel : expresion _ ">" expresion
  73) expresion_rel : expresion _ "<=" expresion
  74) expresion_rel : expresion _ ">=" expresion

  "/\\"         shift, and go to state 75
  "\\/"         shift, and go to state 76
  "<="          shift, and go to state 86
  ">="          shift, and go to state 87
  "/="          shift, and go to state 83
  "++"          shift, and go to state 77
  "--"          shift, and go to state 78
  "::"          shift, and go to state 79
  "->"          shift, and go to state 93
  "<"           shift, and go to state 84
  ">"           shift, and go to state 85
  "="           shift, and go to state 82
  "?"           shift, and go to state 80
  "["           shift, and go to state 81
  "+"           shift, and go to state 70
  "-"           shift, and go to state 71
  "*"           shift, and go to state 72
  "/"           shift, and go to state 73
  "%"           shift, and go to state 74


state 57

  43) repeticion_det : "for" "id" _ "from" expresion "to" expresion "->" instruccion "end"
  44) repeticion_det : "for" "id" _ "from" expresion "to" expresion "step" expresion "->" instruccion "end"

  "from"        shift, and go to state 94


state 58

  45) repeticion_indet : "while" expresion _ "->" instruccion "end"
  53) expresion_aritm : expresion _ "+" expresion
  54) expresion_aritm : expresion _ "-" expresion
  55) expresion_aritm : expresion _ "*" expresion
  56) expresion_aritm : expresion _ "/" expresion
  57) expresion_aritm : expresion _ "%" expresion
  59) expresion_bool : expresion _ "/\\" expresion
  60) expresion_bool : expresion _ "\\/" expresion
  62) expresion_char : expresion _ "++"
  63) expresion_char : expresion _ "--"
  65) expresion_matr : expresion _ "::" expresion
  67) expresion_matr : expresion _ "?"
  68) expresion_matr : expresion _ "[" expresiones "]"
  69) expresion_rel : expresion _ "=" expresion
  70) expresion_rel : expresion _ "/=" expresion
  71) expresion_rel : expresion _ "<" expresion
  72) expresion_rel : expresion _ ">" expresion
  73) expresion_rel : expresion _ "<=" expresion
  74) expresion_rel : expresion _ ">=" expresion

  "/\\"         shift, and go to state 75
  "\\/"         shift, and go to state 76
  "<="          shift, and go to state 86
  ">="          shift, and go to state 87
  "/="          shift, and go to state 83
  "++"          shift, and go to state 77
  "--"          shift, and go to state 78
  "::"          shift, and go to state 79
  "->"          shift, and go to state 95
  "<"           shift, and go to state 84
  ">"           shift, and go to state 85
  "="           shift, and go to state 82
  "?"           shift, and go to state 80
  "["           shift, and go to state 81
  "+"           shift, and go to state 70
  "-"           shift, and go to state 71
  "*"           shift, and go to state 72
  "/"           shift, and go to state 73
  "%"           shift, and go to state 74


state 59

   1) bloque : "with" declaraciones "begin" instruccion _ "end"

  "end"         shift, and go to state 96


state 60

   7) declaracion : "var" declarables ":" _ tipo

  "char"        shift, and go to state 97
  "bool"        shift, and go to state 98
  "matrix"      shift, and go to state 100
  "int"         shift, and go to state 99

  tipo          go to state 101

state 61

  12) declarables : declarables "," _ declarable

  "id"          shift, and go to state 29

  declarable    go to state 102

state 62

  10) declarable : "id" "<-" _ expresion

  "#"           shift, and go to state 53
  "$"           shift, and go to state 54
  "("           shift, and go to state 49
  "{"           shift, and go to state 42
  "-"           shift, and go to state 51
  "not"         shift, and go to state 52
  "caracter"    shift, and go to state 40
  "false"       shift, and go to state 38
  "true"        shift, and go to state 37
  "id"          shift, and go to state 9
  "numero"      shift, and go to state 39

  expresion     go to state 103
  contenedor    go to state 35
  literal       go to state 36
  matriz        go to state 41
  expresion_aritm  go to state 44
  expresion_bool  go to state 45
  expresion_char  go to state 46
  expresion_rel  go to state 47
  expresion_matr  go to state 48
  valor         go to state 50

state 63

  17) contenedor : contenedor "[" expresiones _ "]"
  25) expresiones : expresiones _ "," expresion

  ","           shift, and go to state 105
  "]"           shift, and go to state 104


state 64

  26) expresiones : expresion _
  53) expresion_aritm : expresion _ "+" expresion
  54) expresion_aritm : expresion _ "-" expresion
  55) expresion_aritm : expresion _ "*" expresion
  56) expresion_aritm : expresion _ "/" expresion
  57) expresion_aritm : expresion _ "%" expresion
  59) expresion_bool : expresion _ "/\\" expresion
  60) expresion_bool : expresion _ "\\/" expresion
  62) expresion_char : expresion _ "++"
  63) expresion_char : expresion _ "--"
  65) expresion_matr : expresion _ "::" expresion
  67) expresion_matr : expresion _ "?"
  68) expresion_matr : expresion _ "[" expresiones "]"
  69) expresion_rel : expresion _ "=" expresion
  70) expresion_rel : expresion _ "/=" expresion
  71) expresion_rel : expresion _ "<" expresion
  72) expresion_rel : expresion _ ">" expresion
  73) expresion_rel : expresion _ "<=" expresion
  74) expresion_rel : expresion _ ">=" expresion

  "/\\"         shift, and go to state 75
  "\\/"         shift, and go to state 76
  "<="          shift, and go to state 86
  ">="          shift, and go to state 87
  "/="          shift, and go to state 83
  "++"          shift, and go to state 77
  "--"          shift, and go to state 78
  "::"          shift, and go to state 79
  "<"           shift, and go to state 84
  ">"           shift, and go to state 85
  "="           shift, and go to state 82
  "?"           shift, and go to state 80
  "["           shift, and go to state 81
  "+"           shift, and go to state 70
  "-"           shift, and go to state 71
  "*"           shift, and go to state 72
  "/"           shift, and go to state 73
  "%"           shift, and go to state 74
  $default      reduce using rule 26 (expresiones)


state 65

  35) asignacion : contenedor "<-" expresion _ "."
  53) expresion_aritm : expresion _ "+" expresion
  54) expresion_aritm : expresion _ "-" expresion
  55) expresion_aritm : expresion _ "*" expresion
  56) expresion_aritm : expresion _ "/" expresion
  57) expresion_aritm : expresion _ "%" expresion
  59) expresion_bool : expresion _ "/\\" expresion
  60) expresion_bool : expresion _ "\\/" expresion
  62) expresion_char : expresion _ "++"
  63) expresion_char : expresion _ "--"
  65) expresion_matr : expresion _ "::" expresion
  67) expresion_matr : expresion _ "?"
  68) expresion_matr : expresion _ "[" expresiones "]"
  69) expresion_rel : expresion _ "=" expresion
  70) expresion_rel : expresion _ "/=" expresion
  71) expresion_rel : expresion _ "<" expresion
  72) expresion_rel : expresion _ ">" expresion
  73) expresion_rel : expresion _ "<=" expresion
  74) expresion_rel : expresion _ ">=" expresion

  "/\\"         shift, and go to state 75
  "\\/"         shift, and go to state 76
  "<="          shift, and go to state 86
  ">="          shift, and go to state 87
  "/="          shift, and go to state 83
  "++"          shift, and go to state 77
  "--"          shift, and go to state 78
  "::"          shift, and go to state 79
  "<"           shift, and go to state 84
  ">"           shift, and go to state 85
  "="           shift, and go to state 82
  "?"           shift, and go to state 80
  "."           shift, and go to state 106
  "["           shift, and go to state 81
  "+"           shift, and go to state 70
  "-"           shift, and go to state 71
  "*"           shift, and go to state 72
  "/"           shift, and go to state 73
  "%"           shift, and go to state 74


state 66

  36) entrada_salida : "read" contenedor "." _

  $default      reduce using rule 36 (entrada_salida)


state 67

  23) matriz : "{" "}" _

  $default      reduce using rule 23 (matriz)


state 68

  24) matriz : "{" expresiones _ "}"
  25) expresiones : expresiones _ "," expresion

  ","           shift, and go to state 105
  "}"           shift, and go to state 107


state 69

  37) entrada_salida : "print" expresion "." _

  $default      reduce using rule 37 (entrada_salida)


state 70

  53) expresion_aritm : expresion "+" _ expresion

  "#"           shift, and go to state 53
  "$"           shift, and go to state 54
  "("           shift, and go to state 49
  "{"           shift, and go to state 42
  "-"           shift, and go to state 51
  "not"         shift, and go to state 52
  "caracter"    shift, and go to state 40
  "false"       shift, and go to state 38
  "true"        shift, and go to state 37
  "id"          shift, and go to state 9
  "numero"      shift, and go to state 39

  contenedor    go to state 35
  literal       go to state 36
  matriz        go to state 41
  expresion_aritm  go to state 44
  expresion_bool  go to state 45
  expresion_char  go to state 46
  expresion_rel  go to state 47
  expresion_matr  go to state 48
  valor         go to state 50
  expresion     go to state 108

state 71

  54) expresion_aritm : expresion "-" _ expresion

  "#"           shift, and go to state 53
  "$"           shift, and go to state 54
  "("           shift, and go to state 49
  "{"           shift, and go to state 42
  "-"           shift, and go to state 51
  "not"         shift, and go to state 52
  "caracter"    shift, and go to state 40
  "false"       shift, and go to state 38
  "true"        shift, and go to state 37
  "id"          shift, and go to state 9
  "numero"      shift, and go to state 39

  contenedor    go to state 35
  literal       go to state 36
  matriz        go to state 41
  expresion_aritm  go to state 44
  expresion_bool  go to state 45
  expresion_char  go to state 46
  expresion_rel  go to state 47
  expresion_matr  go to state 48
  valor         go to state 50
  expresion     go to state 109

state 72

  55) expresion_aritm : expresion "*" _ expresion

  "#"           shift, and go to state 53
  "$"           shift, and go to state 54
  "("           shift, and go to state 49
  "{"           shift, and go to state 42
  "-"           shift, and go to state 51
  "not"         shift, and go to state 52
  "caracter"    shift, and go to state 40
  "false"       shift, and go to state 38
  "true"        shift, and go to state 37
  "id"          shift, and go to state 9
  "numero"      shift, and go to state 39

  contenedor    go to state 35
  literal       go to state 36
  matriz        go to state 41
  expresion_aritm  go to state 44
  expresion_bool  go to state 45
  expresion_char  go to state 46
  expresion_rel  go to state 47
  expresion_matr  go to state 48
  valor         go to state 50
  expresion     go to state 110

state 73

  56) expresion_aritm : expresion "/" _ expresion

  "#"           shift, and go to state 53
  "$"           shift, and go to state 54
  "("           shift, and go to state 49
  "{"           shift, and go to state 42
  "-"           shift, and go to state 51
  "not"         shift, and go to state 52
  "caracter"    shift, and go to state 40
  "false"       shift, and go to state 38
  "true"        shift, and go to state 37
  "id"          shift, and go to state 9
  "numero"      shift, and go to state 39

  contenedor    go to state 35
  literal       go to state 36
  matriz        go to state 41
  expresion_aritm  go to state 44
  expresion_bool  go to state 45
  expresion_char  go to state 46
  expresion_rel  go to state 47
  expresion_matr  go to state 48
  valor         go to state 50
  expresion     go to state 111

state 74

  57) expresion_aritm : expresion "%" _ expresion

  "#"           shift, and go to state 53
  "$"           shift, and go to state 54
  "("           shift, and go to state 49
  "{"           shift, and go to state 42
  "-"           shift, and go to state 51
  "not"         shift, and go to state 52
  "caracter"    shift, and go to state 40
  "false"       shift, and go to state 38
  "true"        shift, and go to state 37
  "id"          shift, and go to state 9
  "numero"      shift, and go to state 39

  contenedor    go to state 35
  literal       go to state 36
  matriz        go to state 41
  expresion_aritm  go to state 44
  expresion_bool  go to state 45
  expresion_char  go to state 46
  expresion_rel  go to state 47
  expresion_matr  go to state 48
  valor         go to state 50
  expresion     go to state 112

state 75

  59) expresion_bool : expresion "/\\" _ expresion

  "#"           shift, and go to state 53
  "$"           shift, and go to state 54
  "("           shift, and go to state 49
  "{"           shift, and go to state 42
  "-"           shift, and go to state 51
  "not"         shift, and go to state 52
  "caracter"    shift, and go to state 40
  "false"       shift, and go to state 38
  "true"        shift, and go to state 37
  "id"          shift, and go to state 9
  "numero"      shift, and go to state 39

  contenedor    go to state 35
  literal       go to state 36
  matriz        go to state 41
  expresion_aritm  go to state 44
  expresion_bool  go to state 45
  expresion_char  go to state 46
  expresion_rel  go to state 47
  expresion_matr  go to state 48
  valor         go to state 50
  expresion     go to state 113

state 76

  60) expresion_bool : expresion "\\/" _ expresion

  "#"           shift, and go to state 53
  "$"           shift, and go to state 54
  "("           shift, and go to state 49
  "{"           shift, and go to state 42
  "-"           shift, and go to state 51
  "not"         shift, and go to state 52
  "caracter"    shift, and go to state 40
  "false"       shift, and go to state 38
  "true"        shift, and go to state 37
  "id"          shift, and go to state 9
  "numero"      shift, and go to state 39

  contenedor    go to state 35
  literal       go to state 36
  matriz        go to state 41
  expresion_aritm  go to state 44
  expresion_bool  go to state 45
  expresion_char  go to state 46
  expresion_rel  go to state 47
  expresion_matr  go to state 48
  valor         go to state 50
  expresion     go to state 114

state 77

  62) expresion_char : expresion "++" _

  $default      reduce using rule 62 (expresion_char)


state 78

  63) expresion_char : expresion "--" _

  $default      reduce using rule 63 (expresion_char)


state 79

  65) expresion_matr : expresion "::" _ expresion

  "#"           shift, and go to state 53
  "$"           shift, and go to state 54
  "("           shift, and go to state 49
  "{"           shift, and go to state 42
  "-"           shift, and go to state 51
  "not"         shift, and go to state 52
  "caracter"    shift, and go to state 40
  "false"       shift, and go to state 38
  "true"        shift, and go to state 37
  "id"          shift, and go to state 9
  "numero"      shift, and go to state 39

  contenedor    go to state 35
  literal       go to state 36
  matriz        go to state 41
  expresion_aritm  go to state 44
  expresion_bool  go to state 45
  expresion_char  go to state 46
  expresion_rel  go to state 47
  expresion_matr  go to state 48
  valor         go to state 50
  expresion     go to state 115

state 80

  67) expresion_matr : expresion "?" _

  $default      reduce using rule 67 (expresion_matr)


state 81

  68) expresion_matr : expresion "[" _ expresiones "]"

  "#"           shift, and go to state 53
  "$"           shift, and go to state 54
  "("           shift, and go to state 49
  "{"           shift, and go to state 42
  "-"           shift, and go to state 51
  "not"         shift, and go to state 52
  "caracter"    shift, and go to state 40
  "false"       shift, and go to state 38
  "true"        shift, and go to state 37
  "id"          shift, and go to state 9
  "numero"      shift, and go to state 39

  contenedor    go to state 35
  literal       go to state 36
  matriz        go to state 41
  expresiones   go to state 116
  expresion     go to state 64
  expresion_aritm  go to state 44
  expresion_bool  go to state 45
  expresion_char  go to state 46
  expresion_rel  go to state 47
  expresion_matr  go to state 48
  valor         go to state 50

state 82

  69) expresion_rel : expresion "=" _ expresion

  "#"           shift, and go to state 53
  "$"           shift, and go to state 54
  "("           shift, and go to state 49
  "{"           shift, and go to state 42
  "-"           shift, and go to state 51
  "not"         shift, and go to state 52
  "caracter"    shift, and go to state 40
  "false"       shift, and go to state 38
  "true"        shift, and go to state 37
  "id"          shift, and go to state 9
  "numero"      shift, and go to state 39

  contenedor    go to state 35
  literal       go to state 36
  matriz        go to state 41
  expresion_aritm  go to state 44
  expresion_bool  go to state 45
  expresion_char  go to state 46
  expresion_rel  go to state 47
  expresion_matr  go to state 48
  valor         go to state 50
  expresion     go to state 117

state 83

  70) expresion_rel : expresion "/=" _ expresion

  "#"           shift, and go to state 53
  "$"           shift, and go to state 54
  "("           shift, and go to state 49
  "{"           shift, and go to state 42
  "-"           shift, and go to state 51
  "not"         shift, and go to state 52
  "caracter"    shift, and go to state 40
  "false"       shift, and go to state 38
  "true"        shift, and go to state 37
  "id"          shift, and go to state 9
  "numero"      shift, and go to state 39

  contenedor    go to state 35
  literal       go to state 36
  matriz        go to state 41
  expresion_aritm  go to state 44
  expresion_bool  go to state 45
  expresion_char  go to state 46
  expresion_rel  go to state 47
  expresion_matr  go to state 48
  valor         go to state 50
  expresion     go to state 118

state 84

  71) expresion_rel : expresion "<" _ expresion

  "#"           shift, and go to state 53
  "$"           shift, and go to state 54
  "("           shift, and go to state 49
  "{"           shift, and go to state 42
  "-"           shift, and go to state 51
  "not"         shift, and go to state 52
  "caracter"    shift, and go to state 40
  "false"       shift, and go to state 38
  "true"        shift, and go to state 37
  "id"          shift, and go to state 9
  "numero"      shift, and go to state 39

  contenedor    go to state 35
  literal       go to state 36
  matriz        go to state 41
  expresion_aritm  go to state 44
  expresion_bool  go to state 45
  expresion_char  go to state 46
  expresion_rel  go to state 47
  expresion_matr  go to state 48
  valor         go to state 50
  expresion     go to state 119

state 85

  72) expresion_rel : expresion ">" _ expresion

  "#"           shift, and go to state 53
  "$"           shift, and go to state 54
  "("           shift, and go to state 49
  "{"           shift, and go to state 42
  "-"           shift, and go to state 51
  "not"         shift, and go to state 52
  "caracter"    shift, and go to state 40
  "false"       shift, and go to state 38
  "true"        shift, and go to state 37
  "id"          shift, and go to state 9
  "numero"      shift, and go to state 39

  contenedor    go to state 35
  literal       go to state 36
  matriz        go to state 41
  expresion_aritm  go to state 44
  expresion_bool  go to state 45
  expresion_char  go to state 46
  expresion_rel  go to state 47
  expresion_matr  go to state 48
  valor         go to state 50
  expresion     go to state 120

state 86

  73) expresion_rel : expresion "<=" _ expresion

  "#"           shift, and go to state 53
  "$"           shift, and go to state 54
  "("           shift, and go to state 49
  "{"           shift, and go to state 42
  "-"           shift, and go to state 51
  "not"         shift, and go to state 52
  "caracter"    shift, and go to state 40
  "false"       shift, and go to state 38
  "true"        shift, and go to state 37
  "id"          shift, and go to state 9
  "numero"      shift, and go to state 39

  contenedor    go to state 35
  literal       go to state 36
  matriz        go to state 41
  expresion_aritm  go to state 44
  expresion_bool  go to state 45
  expresion_char  go to state 46
  expresion_rel  go to state 47
  expresion_matr  go to state 48
  valor         go to state 50
  expresion     go to state 121

state 87

  74) expresion_rel : expresion ">=" _ expresion

  "#"           shift, and go to state 53
  "$"           shift, and go to state 54
  "("           shift, and go to state 49
  "{"           shift, and go to state 42
  "-"           shift, and go to state 51
  "not"         shift, and go to state 52
  "caracter"    shift, and go to state 40
  "false"       shift, and go to state 38
  "true"        shift, and go to state 37
  "id"          shift, and go to state 9
  "numero"      shift, and go to state 39

  contenedor    go to state 35
  literal       go to state 36
  matriz        go to state 41
  expresion_aritm  go to state 44
  expresion_bool  go to state 45
  expresion_char  go to state 46
  expresion_rel  go to state 47
  expresion_matr  go to state 48
  valor         go to state 50
  expresion     go to state 122

state 88

  51) expresion : "(" expresion _ ")"
  53) expresion_aritm : expresion _ "+" expresion
  54) expresion_aritm : expresion _ "-" expresion
  55) expresion_aritm : expresion _ "*" expresion
  56) expresion_aritm : expresion _ "/" expresion
  57) expresion_aritm : expresion _ "%" expresion
  59) expresion_bool : expresion _ "/\\" expresion
  60) expresion_bool : expresion _ "\\/" expresion
  62) expresion_char : expresion _ "++"
  63) expresion_char : expresion _ "--"
  65) expresion_matr : expresion _ "::" expresion
  67) expresion_matr : expresion _ "?"
  68) expresion_matr : expresion _ "[" expresiones "]"
  69) expresion_rel : expresion _ "=" expresion
  70) expresion_rel : expresion _ "/=" expresion
  71) expresion_rel : expresion _ "<" expresion
  72) expresion_rel : expresion _ ">" expresion
  73) expresion_rel : expresion _ "<=" expresion
  74) expresion_rel : expresion _ ">=" expresion

  "/\\"         shift, and go to state 75
  "\\/"         shift, and go to state 76
  "<="          shift, and go to state 86
  ">="          shift, and go to state 87
  "/="          shift, and go to state 83
  "++"          shift, and go to state 77
  "--"          shift, and go to state 78
  "::"          shift, and go to state 79
  "<"           shift, and go to state 84
  ">"           shift, and go to state 85
  "="           shift, and go to state 82
  "?"           shift, and go to state 80
  ")"           shift, and go to state 123
  "["           shift, and go to state 81
  "+"           shift, and go to state 70
  "-"           shift, and go to state 71
  "*"           shift, and go to state 72
  "/"           shift, and go to state 73
  "%"           shift, and go to state 74


state 89

  53) expresion_aritm : expresion _ "+" expresion
  54) expresion_aritm : expresion _ "-" expresion
  55) expresion_aritm : expresion _ "*" expresion
  56) expresion_aritm : expresion _ "/" expresion
  57) expresion_aritm : expresion _ "%" expresion
  58) expresion_aritm : "-" expresion _
  59) expresion_bool : expresion _ "/\\" expresion
  60) expresion_bool : expresion _ "\\/" expresion
  62) expresion_char : expresion _ "++"
  63) expresion_char : expresion _ "--"
  65) expresion_matr : expresion _ "::" expresion
  67) expresion_matr : expresion _ "?"
  68) expresion_matr : expresion _ "[" expresiones "]"
  69) expresion_rel : expresion _ "=" expresion
  70) expresion_rel : expresion _ "/=" expresion
  71) expresion_rel : expresion _ "<" expresion
  72) expresion_rel : expresion _ ">" expresion
  73) expresion_rel : expresion _ "<=" expresion
  74) expresion_rel : expresion _ ">=" expresion

  "["           shift, and go to state 81
  $default      reduce using rule 58 (expresion_aritm)


state 90

  53) expresion_aritm : expresion _ "+" expresion
  54) expresion_aritm : expresion _ "-" expresion
  55) expresion_aritm : expresion _ "*" expresion
  56) expresion_aritm : expresion _ "/" expresion
  57) expresion_aritm : expresion _ "%" expresion
  59) expresion_bool : expresion _ "/\\" expresion
  60) expresion_bool : expresion _ "\\/" expresion
  61) expresion_bool : "not" expresion _
  62) expresion_char : expresion _ "++"
  63) expresion_char : expresion _ "--"
  65) expresion_matr : expresion _ "::" expresion
  67) expresion_matr : expresion _ "?"
  68) expresion_matr : expresion _ "[" expresiones "]"
  69) expresion_rel : expresion _ "=" expresion
  70) expresion_rel : expresion _ "/=" expresion
  71) expresion_rel : expresion _ "<" expresion
  72) expresion_rel : expresion _ ">" expresion
  73) expresion_rel : expresion _ "<=" expresion
  74) expresion_rel : expresion _ ">=" expresion

  "["           shift, and go to state 81
  "+"           shift, and go to state 70
  "-"           shift, and go to state 71
  "*"           shift, and go to state 72
  "/"           shift, and go to state 73
  "%"           shift, and go to state 74
  $default      reduce using rule 61 (expresion_bool)


state 91

  53) expresion_aritm : expresion _ "+" expresion
  54) expresion_aritm : expresion _ "-" expresion
  55) expresion_aritm : expresion _ "*" expresion
  56) expresion_aritm : expresion _ "/" expresion
  57) expresion_aritm : expresion _ "%" expresion
  59) expresion_bool : expresion _ "/\\" expresion
  60) expresion_bool : expresion _ "\\/" expresion
  62) expresion_char : expresion _ "++"
  63) expresion_char : expresion _ "--"
  64) expresion_char : "#" expresion _
  65) expresion_matr : expresion _ "::" expresion
  67) expresion_matr : expresion _ "?"
  68) expresion_matr : expresion _ "[" expresiones "]"
  69) expresion_rel : expresion _ "=" expresion
  70) expresion_rel : expresion _ "/=" expresion
  71) expresion_rel : expresion _ "<" expresion
  72) expresion_rel : expresion _ ">" expresion
  73) expresion_rel : expresion _ "<=" expresion
  74) expresion_rel : expresion _ ">=" expresion

  "/\\"         shift, and go to state 75
  "\\/"         shift, and go to state 76
  "++"          shift, and go to state 77
  "--"          shift, and go to state 78
  "["           shift, and go to state 81
  "+"           shift, and go to state 70
  "-"           shift, and go to state 71
  "*"           shift, and go to state 72
  "/"           shift, and go to state 73
  "%"           shift, and go to state 74
  $default      reduce using rule 64 (expresion_char)


state 92

  53) expresion_aritm : expresion _ "+" expresion
  54) expresion_aritm : expresion _ "-" expresion
  55) expresion_aritm : expresion _ "*" expresion
  56) expresion_aritm : expresion _ "/" expresion
  57) expresion_aritm : expresion _ "%" expresion
  59) expresion_bool : expresion _ "/\\" expresion
  60) expresion_bool : expresion _ "\\/" expresion
  62) expresion_char : expresion _ "++"
  63) expresion_char : expresion _ "--"
  65) expresion_matr : expresion _ "::" expresion
  66) expresion_matr : "$" expresion _
  67) expresion_matr : expresion _ "?"
  68) expresion_matr : expresion _ "[" expresiones "]"
  69) expresion_rel : expresion _ "=" expresion
  70) expresion_rel : expresion _ "/=" expresion
  71) expresion_rel : expresion _ "<" expresion
  72) expresion_rel : expresion _ ">" expresion
  73) expresion_rel : expresion _ "<=" expresion
  74) expresion_rel : expresion _ ">=" expresion

  "/\\"         shift, and go to state 75
  "\\/"         shift, and go to state 76
  "++"          shift, and go to state 77
  "--"          shift, and go to state 78
  "::"          shift, and go to state 79
  "["           shift, and go to state 81
  "+"           shift, and go to state 70
  "-"           shift, and go to state 71
  "*"           shift, and go to state 72
  "/"           shift, and go to state 73
  "%"           shift, and go to state 74
  $default      reduce using rule 66 (expresion_matr)


state 93

  41) condicional : "if" expresion "->" _ instruccion "end"
  42) condicional : "if" expresion "->" _ instruccion "otherwise" instruccion "end"

  "id"          shift, and go to state 9
  "begin"       shift, and go to state 3
  "if"          shift, and go to state 22
  "with"        shift, and go to state 2
  "print"       shift, and go to state 20
  "for"         shift, and go to state 23
  "read"        shift, and go to state 19
  "while"       shift, and go to state 24

  contenedor    go to state 10
  instruccion_unica  go to state 11
  secuenciacion  go to state 12
  asignacion    go to state 13
  bloque        go to state 14
  entrada_salida  go to state 15
  repeticion_det  go to state 16
  repeticion_indet  go to state 17
  condicional   go to state 18
  instrucciones  go to state 21
  instruccion   go to state 124

state 94

  43) repeticion_det : "for" "id" "from" _ expresion "to" expresion "->" instruccion "end"
  44) repeticion_det : "for" "id" "from" _ expresion "to" expresion "step" expresion "->" instruccion "end"

  "#"           shift, and go to state 53
  "$"           shift, and go to state 54
  "("           shift, and go to state 49
  "{"           shift, and go to state 42
  "-"           shift, and go to state 51
  "not"         shift, and go to state 52
  "caracter"    shift, and go to state 40
  "false"       shift, and go to state 38
  "true"        shift, and go to state 37
  "id"          shift, and go to state 9
  "numero"      shift, and go to state 39

  contenedor    go to state 35
  literal       go to state 36
  matriz        go to state 41
  expresion     go to state 125
  expresion_aritm  go to state 44
  expresion_bool  go to state 45
  expresion_char  go to state 46
  expresion_rel  go to state 47
  expresion_matr  go to state 48
  valor         go to state 50

state 95

  45) repeticion_indet : "while" expresion "->" _ instruccion "end"

  "id"          shift, and go to state 9
  "begin"       shift, and go to state 3
  "if"          shift, and go to state 22
  "with"        shift, and go to state 2
  "print"       shift, and go to state 20
  "for"         shift, and go to state 23
  "read"        shift, and go to state 19
  "while"       shift, and go to state 24

  contenedor    go to state 10
  instruccion_unica  go to state 11
  secuenciacion  go to state 12
  asignacion    go to state 13
  bloque        go to state 14
  entrada_salida  go to state 15
  repeticion_det  go to state 16
  repeticion_indet  go to state 17
  condicional   go to state 18
  instrucciones  go to state 21
  instruccion   go to state 126

state 96

   1) bloque : "with" declaraciones "begin" instruccion "end" _

  $default      reduce using rule 1 (bloque)


state 97

   3) tipo : "char" _

  $default      reduce using rule 3 (tipo)


state 98

   4) tipo : "bool" _

  $default      reduce using rule 4 (tipo)


state 99

   5) tipo : "int" _

  $default      reduce using rule 5 (tipo)


state 100

   6) tipo : "matrix" _ "[" expresiones "]" "of" tipo

  "["           shift, and go to state 127


state 101

   7) declaracion : "var" declarables ":" tipo _

  $default      reduce using rule 7 (declaracion)


state 102

  12) declarables : declarables "," declarable _

  $default      reduce using rule 12 (declarables)


state 103

  10) declarable : "id" "<-" expresion _
  53) expresion_aritm : expresion _ "+" expresion
  54) expresion_aritm : expresion _ "-" expresion
  55) expresion_aritm : expresion _ "*" expresion
  56) expresion_aritm : expresion _ "/" expresion
  57) expresion_aritm : expresion _ "%" expresion
  59) expresion_bool : expresion _ "/\\" expresion
  60) expresion_bool : expresion _ "\\/" expresion
  62) expresion_char : expresion _ "++"
  63) expresion_char : expresion _ "--"
  65) expresion_matr : expresion _ "::" expresion
  67) expresion_matr : expresion _ "?"
  68) expresion_matr : expresion _ "[" expresiones "]"
  69) expresion_rel : expresion _ "=" expresion
  70) expresion_rel : expresion _ "/=" expresion
  71) expresion_rel : expresion _ "<" expresion
  72) expresion_rel : expresion _ ">" expresion
  73) expresion_rel : expresion _ "<=" expresion
  74) expresion_rel : expresion _ ">=" expresion

  "/\\"         shift, and go to state 75
  "\\/"         shift, and go to state 76
  "<="          shift, and go to state 86
  ">="          shift, and go to state 87
  "/="          shift, and go to state 83
  "++"          shift, and go to state 77
  "--"          shift, and go to state 78
  "::"          shift, and go to state 79
  "<"           shift, and go to state 84
  ">"           shift, and go to state 85
  "="           shift, and go to state 82
  "?"           shift, and go to state 80
  "["           shift, and go to state 81
  "+"           shift, and go to state 70
  "-"           shift, and go to state 71
  "*"           shift, and go to state 72
  "/"           shift, and go to state 73
  "%"           shift, and go to state 74
  $default      reduce using rule 10 (declarable)


state 104

  17) contenedor : contenedor "[" expresiones "]" _

  $default      reduce using rule 17 (contenedor)


state 105

  25) expresiones : expresiones "," _ expresion

  "#"           shift, and go to state 53
  "$"           shift, and go to state 54
  "("           shift, and go to state 49
  "{"           shift, and go to state 42
  "-"           shift, and go to state 51
  "not"         shift, and go to state 52
  "caracter"    shift, and go to state 40
  "false"       shift, and go to state 38
  "true"        shift, and go to state 37
  "id"          shift, and go to state 9
  "numero"      shift, and go to state 39

  contenedor    go to state 35
  literal       go to state 36
  matriz        go to state 41
  expresion     go to state 128
  expresion_aritm  go to state 44
  expresion_bool  go to state 45
  expresion_char  go to state 46
  expresion_rel  go to state 47
  expresion_matr  go to state 48
  valor         go to state 50

state 106

  35) asignacion : contenedor "<-" expresion "." _

  $default      reduce using rule 35 (asignacion)


state 107

  24) matriz : "{" expresiones "}" _

  $default      reduce using rule 24 (matriz)


state 108

  53) expresion_aritm : expresion _ "+" expresion
  53) expresion_aritm : expresion "+" expresion _
  54) expresion_aritm : expresion _ "-" expresion
  55) expresion_aritm : expresion _ "*" expresion
  56) expresion_aritm : expresion _ "/" expresion
  57) expresion_aritm : expresion _ "%" expresion
  59) expresion_bool : expresion _ "/\\" expresion
  60) expresion_bool : expresion _ "\\/" expresion
  62) expresion_char : expresion _ "++"
  63) expresion_char : expresion _ "--"
  65) expresion_matr : expresion _ "::" expresion
  67) expresion_matr : expresion _ "?"
  68) expresion_matr : expresion _ "[" expresiones "]"
  69) expresion_rel : expresion _ "=" expresion
  70) expresion_rel : expresion _ "/=" expresion
  71) expresion_rel : expresion _ "<" expresion
  72) expresion_rel : expresion _ ">" expresion
  73) expresion_rel : expresion _ "<=" expresion
  74) expresion_rel : expresion _ ">=" expresion

  "["           shift, and go to state 81
  "*"           shift, and go to state 72
  "/"           shift, and go to state 73
  "%"           shift, and go to state 74
  $default      reduce using rule 53 (expresion_aritm)


state 109

  53) expresion_aritm : expresion _ "+" expresion
  54) expresion_aritm : expresion _ "-" expresion
  54) expresion_aritm : expresion "-" expresion _
  55) expresion_aritm : expresion _ "*" expresion
  56) expresion_aritm : expresion _ "/" expresion
  57) expresion_aritm : expresion _ "%" expresion
  59) expresion_bool : expresion _ "/\\" expresion
  60) expresion_bool : expresion _ "\\/" expresion
  62) expresion_char : expresion _ "++"
  63) expresion_char : expresion _ "--"
  65) expresion_matr : expresion _ "::" expresion
  67) expresion_matr : expresion _ "?"
  68) expresion_matr : expresion _ "[" expresiones "]"
  69) expresion_rel : expresion _ "=" expresion
  70) expresion_rel : expresion _ "/=" expresion
  71) expresion_rel : expresion _ "<" expresion
  72) expresion_rel : expresion _ ">" expresion
  73) expresion_rel : expresion _ "<=" expresion
  74) expresion_rel : expresion _ ">=" expresion

  "["           shift, and go to state 81
  "*"           shift, and go to state 72
  "/"           shift, and go to state 73
  "%"           shift, and go to state 74
  $default      reduce using rule 54 (expresion_aritm)


state 110

  53) expresion_aritm : expresion _ "+" expresion
  54) expresion_aritm : expresion _ "-" expresion
  55) expresion_aritm : expresion _ "*" expresion
  55) expresion_aritm : expresion "*" expresion _
  56) expresion_aritm : expresion _ "/" expresion
  57) expresion_aritm : expresion _ "%" expresion
  59) expresion_bool : expresion _ "/\\" expresion
  60) expresion_bool : expresion _ "\\/" expresion
  62) expresion_char : expresion _ "++"
  63) expresion_char : expresion _ "--"
  65) expresion_matr : expresion _ "::" expresion
  67) expresion_matr : expresion _ "?"
  68) expresion_matr : expresion _ "[" expresiones "]"
  69) expresion_rel : expresion _ "=" expresion
  70) expresion_rel : expresion _ "/=" expresion
  71) expresion_rel : expresion _ "<" expresion
  72) expresion_rel : expresion _ ">" expresion
  73) expresion_rel : expresion _ "<=" expresion
  74) expresion_rel : expresion _ ">=" expresion

  "["           shift, and go to state 81
  $default      reduce using rule 55 (expresion_aritm)


state 111

  53) expresion_aritm : expresion _ "+" expresion
  54) expresion_aritm : expresion _ "-" expresion
  55) expresion_aritm : expresion _ "*" expresion
  56) expresion_aritm : expresion _ "/" expresion
  56) expresion_aritm : expresion "/" expresion _
  57) expresion_aritm : expresion _ "%" expresion
  59) expresion_bool : expresion _ "/\\" expresion
  60) expresion_bool : expresion _ "\\/" expresion
  62) expresion_char : expresion _ "++"
  63) expresion_char : expresion _ "--"
  65) expresion_matr : expresion _ "::" expresion
  67) expresion_matr : expresion _ "?"
  68) expresion_matr : expresion _ "[" expresiones "]"
  69) expresion_rel : expresion _ "=" expresion
  70) expresion_rel : expresion _ "/=" expresion
  71) expresion_rel : expresion _ "<" expresion
  72) expresion_rel : expresion _ ">" expresion
  73) expresion_rel : expresion _ "<=" expresion
  74) expresion_rel : expresion _ ">=" expresion

  "["           shift, and go to state 81
  $default      reduce using rule 56 (expresion_aritm)


state 112

  53) expresion_aritm : expresion _ "+" expresion
  54) expresion_aritm : expresion _ "-" expresion
  55) expresion_aritm : expresion _ "*" expresion
  56) expresion_aritm : expresion _ "/" expresion
  57) expresion_aritm : expresion _ "%" expresion
  57) expresion_aritm : expresion "%" expresion _
  59) expresion_bool : expresion _ "/\\" expresion
  60) expresion_bool : expresion _ "\\/" expresion
  62) expresion_char : expresion _ "++"
  63) expresion_char : expresion _ "--"
  65) expresion_matr : expresion _ "::" expresion
  67) expresion_matr : expresion _ "?"
  68) expresion_matr : expresion _ "[" expresiones "]"
  69) expresion_rel : expresion _ "=" expresion
  70) expresion_rel : expresion _ "/=" expresion
  71) expresion_rel : expresion _ "<" expresion
  72) expresion_rel : expresion _ ">" expresion
  73) expresion_rel : expresion _ "<=" expresion
  74) expresion_rel : expresion _ ">=" expresion

  "["           shift, and go to state 81
  $default      reduce using rule 57 (expresion_aritm)


state 113

  53) expresion_aritm : expresion _ "+" expresion
  54) expresion_aritm : expresion _ "-" expresion
  55) expresion_aritm : expresion _ "*" expresion
  56) expresion_aritm : expresion _ "/" expresion
  57) expresion_aritm : expresion _ "%" expresion
  59) expresion_bool : expresion _ "/\\" expresion
  59) expresion_bool : expresion "/\\" expresion _
  60) expresion_bool : expresion _ "\\/" expresion
  62) expresion_char : expresion _ "++"
  63) expresion_char : expresion _ "--"
  65) expresion_matr : expresion _ "::" expresion
  67) expresion_matr : expresion _ "?"
  68) expresion_matr : expresion _ "[" expresiones "]"
  69) expresion_rel : expresion _ "=" expresion
  70) expresion_rel : expresion _ "/=" expresion
  71) expresion_rel : expresion _ "<" expresion
  72) expresion_rel : expresion _ ">" expresion
  73) expresion_rel : expresion _ "<=" expresion
  74) expresion_rel : expresion _ ">=" expresion

  "["           shift, and go to state 81
  "+"           shift, and go to state 70
  "-"           shift, and go to state 71
  "*"           shift, and go to state 72
  "/"           shift, and go to state 73
  "%"           shift, and go to state 74
  $default      reduce using rule 59 (expresion_bool)


state 114

  53) expresion_aritm : expresion _ "+" expresion
  54) expresion_aritm : expresion _ "-" expresion
  55) expresion_aritm : expresion _ "*" expresion
  56) expresion_aritm : expresion _ "/" expresion
  57) expresion_aritm : expresion _ "%" expresion
  59) expresion_bool : expresion _ "/\\" expresion
  60) expresion_bool : expresion _ "\\/" expresion
  60) expresion_bool : expresion "\\/" expresion _
  62) expresion_char : expresion _ "++"
  63) expresion_char : expresion _ "--"
  65) expresion_matr : expresion _ "::" expresion
  67) expresion_matr : expresion _ "?"
  68) expresion_matr : expresion _ "[" expresiones "]"
  69) expresion_rel : expresion _ "=" expresion
  70) expresion_rel : expresion _ "/=" expresion
  71) expresion_rel : expresion _ "<" expresion
  72) expresion_rel : expresion _ ">" expresion
  73) expresion_rel : expresion _ "<=" expresion
  74) expresion_rel : expresion _ ">=" expresion

  "["           shift, and go to state 81
  "+"           shift, and go to state 70
  "-"           shift, and go to state 71
  "*"           shift, and go to state 72
  "/"           shift, and go to state 73
  "%"           shift, and go to state 74
  $default      reduce using rule 60 (expresion_bool)


state 115

  53) expresion_aritm : expresion _ "+" expresion
  54) expresion_aritm : expresion _ "-" expresion
  55) expresion_aritm : expresion _ "*" expresion
  56) expresion_aritm : expresion _ "/" expresion
  57) expresion_aritm : expresion _ "%" expresion
  59) expresion_bool : expresion _ "/\\" expresion
  60) expresion_bool : expresion _ "\\/" expresion
  62) expresion_char : expresion _ "++"
  63) expresion_char : expresion _ "--"
  65) expresion_matr : expresion _ "::" expresion
  65) expresion_matr : expresion "::" expresion _
  67) expresion_matr : expresion _ "?"
  68) expresion_matr : expresion _ "[" expresiones "]"
  69) expresion_rel : expresion _ "=" expresion
  70) expresion_rel : expresion _ "/=" expresion
  71) expresion_rel : expresion _ "<" expresion
  72) expresion_rel : expresion _ ">" expresion
  73) expresion_rel : expresion _ "<=" expresion
  74) expresion_rel : expresion _ ">=" expresion

  "/\\"         shift, and go to state 75
  "\\/"         shift, and go to state 76
  "++"          shift, and go to state 77
  "--"          shift, and go to state 78
  "["           shift, and go to state 81
  "+"           shift, and go to state 70
  "-"           shift, and go to state 71
  "*"           shift, and go to state 72
  "/"           shift, and go to state 73
  "%"           shift, and go to state 74
  $default      reduce using rule 65 (expresion_matr)


state 116

  25) expresiones : expresiones _ "," expresion
  68) expresion_matr : expresion "[" expresiones _ "]"

  ","           shift, and go to state 105
  "]"           shift, and go to state 129


state 117

  53) expresion_aritm : expresion _ "+" expresion
  54) expresion_aritm : expresion _ "-" expresion
  55) expresion_aritm : expresion _ "*" expresion
  56) expresion_aritm : expresion _ "/" expresion
  57) expresion_aritm : expresion _ "%" expresion
  59) expresion_bool : expresion _ "/\\" expresion
  60) expresion_bool : expresion _ "\\/" expresion
  62) expresion_char : expresion _ "++"
  63) expresion_char : expresion _ "--"
  65) expresion_matr : expresion _ "::" expresion
  67) expresion_matr : expresion _ "?"
  68) expresion_matr : expresion _ "[" expresiones "]"
  69) expresion_rel : expresion _ "=" expresion
  69) expresion_rel : expresion "=" expresion _
  70) expresion_rel : expresion _ "/=" expresion
  71) expresion_rel : expresion _ "<" expresion
  72) expresion_rel : expresion _ ">" expresion
  73) expresion_rel : expresion _ "<=" expresion
  74) expresion_rel : expresion _ ">=" expresion

  "/\\"         shift, and go to state 75
  "\\/"         shift, and go to state 76
  "<="          shift, and go to state 86
  ">="          shift, and go to state 87
  "++"          shift, and go to state 77
  "--"          shift, and go to state 78
  "::"          shift, and go to state 79
  "<"           shift, and go to state 84
  ">"           shift, and go to state 85
  "?"           shift, and go to state 80
  "["           shift, and go to state 81
  "+"           shift, and go to state 70
  "-"           shift, and go to state 71
  "*"           shift, and go to state 72
  "/"           shift, and go to state 73
  "%"           shift, and go to state 74
  $default      reduce using rule 69 (expresion_rel)


state 118

  53) expresion_aritm : expresion _ "+" expresion
  54) expresion_aritm : expresion _ "-" expresion
  55) expresion_aritm : expresion _ "*" expresion
  56) expresion_aritm : expresion _ "/" expresion
  57) expresion_aritm : expresion _ "%" expresion
  59) expresion_bool : expresion _ "/\\" expresion
  60) expresion_bool : expresion _ "\\/" expresion
  62) expresion_char : expresion _ "++"
  63) expresion_char : expresion _ "--"
  65) expresion_matr : expresion _ "::" expresion
  67) expresion_matr : expresion _ "?"
  68) expresion_matr : expresion _ "[" expresiones "]"
  69) expresion_rel : expresion _ "=" expresion
  70) expresion_rel : expresion _ "/=" expresion
  70) expresion_rel : expresion "/=" expresion _
  71) expresion_rel : expresion _ "<" expresion
  72) expresion_rel : expresion _ ">" expresion
  73) expresion_rel : expresion _ "<=" expresion
  74) expresion_rel : expresion _ ">=" expresion

  "/\\"         shift, and go to state 75
  "\\/"         shift, and go to state 76
  "<="          shift, and go to state 86
  ">="          shift, and go to state 87
  "++"          shift, and go to state 77
  "--"          shift, and go to state 78
  "::"          shift, and go to state 79
  "<"           shift, and go to state 84
  ">"           shift, and go to state 85
  "?"           shift, and go to state 80
  "["           shift, and go to state 81
  "+"           shift, and go to state 70
  "-"           shift, and go to state 71
  "*"           shift, and go to state 72
  "/"           shift, and go to state 73
  "%"           shift, and go to state 74
  $default      reduce using rule 70 (expresion_rel)


state 119

  53) expresion_aritm : expresion _ "+" expresion
  54) expresion_aritm : expresion _ "-" expresion
  55) expresion_aritm : expresion _ "*" expresion
  56) expresion_aritm : expresion _ "/" expresion
  57) expresion_aritm : expresion _ "%" expresion
  59) expresion_bool : expresion _ "/\\" expresion
  60) expresion_bool : expresion _ "\\/" expresion
  62) expresion_char : expresion _ "++"
  63) expresion_char : expresion _ "--"
  65) expresion_matr : expresion _ "::" expresion
  67) expresion_matr : expresion _ "?"
  68) expresion_matr : expresion _ "[" expresiones "]"
  69) expresion_rel : expresion _ "=" expresion
  70) expresion_rel : expresion _ "/=" expresion
  71) expresion_rel : expresion _ "<" expresion
  71) expresion_rel : expresion "<" expresion _
  72) expresion_rel : expresion _ ">" expresion
  73) expresion_rel : expresion _ "<=" expresion
  74) expresion_rel : expresion _ ">=" expresion

  "/\\"         shift, and go to state 75
  "\\/"         shift, and go to state 76
  "++"          shift, and go to state 77
  "--"          shift, and go to state 78
  "::"          shift, and go to state 79
  "?"           shift, and go to state 80
  "["           shift, and go to state 81
  "+"           shift, and go to state 70
  "-"           shift, and go to state 71
  "*"           shift, and go to state 72
  "/"           shift, and go to state 73
  "%"           shift, and go to state 74
  "<="          error
  ">="          error
  "<"           error
  ">"           error
  $default      reduce using rule 71 (expresion_rel)


state 120

  53) expresion_aritm : expresion _ "+" expresion
  54) expresion_aritm : expresion _ "-" expresion
  55) expresion_aritm : expresion _ "*" expresion
  56) expresion_aritm : expresion _ "/" expresion
  57) expresion_aritm : expresion _ "%" expresion
  59) expresion_bool : expresion _ "/\\" expresion
  60) expresion_bool : expresion _ "\\/" expresion
  62) expresion_char : expresion _ "++"
  63) expresion_char : expresion _ "--"
  65) expresion_matr : expresion _ "::" expresion
  67) expresion_matr : expresion _ "?"
  68) expresion_matr : expresion _ "[" expresiones "]"
  69) expresion_rel : expresion _ "=" expresion
  70) expresion_rel : expresion _ "/=" expresion
  71) expresion_rel : expresion _ "<" expresion
  72) expresion_rel : expresion _ ">" expresion
  72) expresion_rel : expresion ">" expresion _
  73) expresion_rel : expresion _ "<=" expresion
  74) expresion_rel : expresion _ ">=" expresion

  "/\\"         shift, and go to state 75
  "\\/"         shift, and go to state 76
  "++"          shift, and go to state 77
  "--"          shift, and go to state 78
  "::"          shift, and go to state 79
  "?"           shift, and go to state 80
  "["           shift, and go to state 81
  "+"           shift, and go to state 70
  "-"           shift, and go to state 71
  "*"           shift, and go to state 72
  "/"           shift, and go to state 73
  "%"           shift, and go to state 74
  "<="          error
  ">="          error
  "<"           error
  ">"           error
  $default      reduce using rule 72 (expresion_rel)


state 121

  53) expresion_aritm : expresion _ "+" expresion
  54) expresion_aritm : expresion _ "-" expresion
  55) expresion_aritm : expresion _ "*" expresion
  56) expresion_aritm : expresion _ "/" expresion
  57) expresion_aritm : expresion _ "%" expresion
  59) expresion_bool : expresion _ "/\\" expresion
  60) expresion_bool : expresion _ "\\/" expresion
  62) expresion_char : expresion _ "++"
  63) expresion_char : expresion _ "--"
  65) expresion_matr : expresion _ "::" expresion
  67) expresion_matr : expresion _ "?"
  68) expresion_matr : expresion _ "[" expresiones "]"
  69) expresion_rel : expresion _ "=" expresion
  70) expresion_rel : expresion _ "/=" expresion
  71) expresion_rel : expresion _ "<" expresion
  72) expresion_rel : expresion _ ">" expresion
  73) expresion_rel : expresion _ "<=" expresion
  73) expresion_rel : expresion "<=" expresion _
  74) expresion_rel : expresion _ ">=" expresion

  "/\\"         shift, and go to state 75
  "\\/"         shift, and go to state 76
  "++"          shift, and go to state 77
  "--"          shift, and go to state 78
  "::"          shift, and go to state 79
  "?"           shift, and go to state 80
  "["           shift, and go to state 81
  "+"           shift, and go to state 70
  "-"           shift, and go to state 71
  "*"           shift, and go to state 72
  "/"           shift, and go to state 73
  "%"           shift, and go to state 74
  "<="          error
  ">="          error
  "<"           error
  ">"           error
  $default      reduce using rule 73 (expresion_rel)


state 122

  53) expresion_aritm : expresion _ "+" expresion
  54) expresion_aritm : expresion _ "-" expresion
  55) expresion_aritm : expresion _ "*" expresion
  56) expresion_aritm : expresion _ "/" expresion
  57) expresion_aritm : expresion _ "%" expresion
  59) expresion_bool : expresion _ "/\\" expresion
  60) expresion_bool : expresion _ "\\/" expresion
  62) expresion_char : expresion _ "++"
  63) expresion_char : expresion _ "--"
  65) expresion_matr : expresion _ "::" expresion
  67) expresion_matr : expresion _ "?"
  68) expresion_matr : expresion _ "[" expresiones "]"
  69) expresion_rel : expresion _ "=" expresion
  70) expresion_rel : expresion _ "/=" expresion
  71) expresion_rel : expresion _ "<" expresion
  72) expresion_rel : expresion _ ">" expresion
  73) expresion_rel : expresion _ "<=" expresion
  74) expresion_rel : expresion _ ">=" expresion
  74) expresion_rel : expresion ">=" expresion _

  "/\\"         shift, and go to state 75
  "\\/"         shift, and go to state 76
  "++"          shift, and go to state 77
  "--"          shift, and go to state 78
  "::"          shift, and go to state 79
  "?"           shift, and go to state 80
  "["           shift, and go to state 81
  "+"           shift, and go to state 70
  "-"           shift, and go to state 71
  "*"           shift, and go to state 72
  "/"           shift, and go to state 73
  "%"           shift, and go to state 74
  "<="          error
  ">="          error
  "<"           error
  ">"           error
  $default      reduce using rule 74 (expresion_rel)


state 123

  51) expresion : "(" expresion ")" _

  $default      reduce using rule 51 (expresion)


state 124

  41) condicional : "if" expresion "->" instruccion _ "end"
  42) condicional : "if" expresion "->" instruccion _ "otherwise" instruccion "end"

  "end"         shift, and go to state 130
  "otherwise"   shift, and go to state 131


state 125

  43) repeticion_det : "for" "id" "from" expresion _ "to" expresion "->" instruccion "end"
  44) repeticion_det : "for" "id" "from" expresion _ "to" expresion "step" expresion "->" instruccion "end"
  53) expresion_aritm : expresion _ "+" expresion
  54) expresion_aritm : expresion _ "-" expresion
  55) expresion_aritm : expresion _ "*" expresion
  56) expresion_aritm : expresion _ "/" expresion
  57) expresion_aritm : expresion _ "%" expresion
  59) expresion_bool : expresion _ "/\\" expresion
  60) expresion_bool : expresion _ "\\/" expresion
  62) expresion_char : expresion _ "++"
  63) expresion_char : expresion _ "--"
  65) expresion_matr : expresion _ "::" expresion
  67) expresion_matr : expresion _ "?"
  68) expresion_matr : expresion _ "[" expresiones "]"
  69) expresion_rel : expresion _ "=" expresion
  70) expresion_rel : expresion _ "/=" expresion
  71) expresion_rel : expresion _ "<" expresion
  72) expresion_rel : expresion _ ">" expresion
  73) expresion_rel : expresion _ "<=" expresion
  74) expresion_rel : expresion _ ">=" expresion

  "/\\"         shift, and go to state 75
  "\\/"         shift, and go to state 76
  "<="          shift, and go to state 86
  ">="          shift, and go to state 87
  "/="          shift, and go to state 83
  "++"          shift, and go to state 77
  "--"          shift, and go to state 78
  "::"          shift, and go to state 79
  "<"           shift, and go to state 84
  ">"           shift, and go to state 85
  "="           shift, and go to state 82
  "?"           shift, and go to state 80
  "["           shift, and go to state 81
  "+"           shift, and go to state 70
  "-"           shift, and go to state 71
  "*"           shift, and go to state 72
  "/"           shift, and go to state 73
  "%"           shift, and go to state 74
  "to"          shift, and go to state 132


state 126

  45) repeticion_indet : "while" expresion "->" instruccion _ "end"

  "end"         shift, and go to state 133


state 127

   6) tipo : "matrix" "[" _ expresiones "]" "of" tipo

  "#"           shift, and go to state 53
  "$"           shift, and go to state 54
  "("           shift, and go to state 49
  "{"           shift, and go to state 42
  "-"           shift, and go to state 51
  "not"         shift, and go to state 52
  "caracter"    shift, and go to state 40
  "false"       shift, and go to state 38
  "true"        shift, and go to state 37
  "id"          shift, and go to state 9
  "numero"      shift, and go to state 39

  expresiones   go to state 134
  contenedor    go to state 35
  literal       go to state 36
  matriz        go to state 41
  expresion     go to state 64
  expresion_aritm  go to state 44
  expresion_bool  go to state 45
  expresion_char  go to state 46
  expresion_rel  go to state 47
  expresion_matr  go to state 48
  valor         go to state 50

state 128

  25) expresiones : expresiones "," expresion _
  53) expresion_aritm : expresion _ "+" expresion
  54) expresion_aritm : expresion _ "-" expresion
  55) expresion_aritm : expresion _ "*" expresion
  56) expresion_aritm : expresion _ "/" expresion
  57) expresion_aritm : expresion _ "%" expresion
  59) expresion_bool : expresion _ "/\\" expresion
  60) expresion_bool : expresion _ "\\/" expresion
  62) expresion_char : expresion _ "++"
  63) expresion_char : expresion _ "--"
  65) expresion_matr : expresion _ "::" expresion
  67) expresion_matr : expresion _ "?"
  68) expresion_matr : expresion _ "[" expresiones "]"
  69) expresion_rel : expresion _ "=" expresion
  70) expresion_rel : expresion _ "/=" expresion
  71) expresion_rel : expresion _ "<" expresion
  72) expresion_rel : expresion _ ">" expresion
  73) expresion_rel : expresion _ "<=" expresion
  74) expresion_rel : expresion _ ">=" expresion

  "/\\"         shift, and go to state 75
  "\\/"         shift, and go to state 76
  "<="          shift, and go to state 86
  ">="          shift, and go to state 87
  "/="          shift, and go to state 83
  "++"          shift, and go to state 77
  "--"          shift, and go to state 78
  "::"          shift, and go to state 79
  "<"           shift, and go to state 84
  ">"           shift, and go to state 85
  "="           shift, and go to state 82
  "?"           shift, and go to state 80
  "["           shift, and go to state 81
  "+"           shift, and go to state 70
  "-"           shift, and go to state 71
  "*"           shift, and go to state 72
  "/"           shift, and go to state 73
  "%"           shift, and go to state 74
  $default      reduce using rule 25 (expresiones)


state 129

  68) expresion_matr : expresion "[" expresiones "]" _

  $default      reduce using rule 68 (expresion_matr)


state 130

  41) condicional : "if" expresion "->" instruccion "end" _

  $default      reduce using rule 41 (condicional)


state 131

  42) condicional : "if" expresion "->" instruccion "otherwise" _ instruccion "end"

  "id"          shift, and go to state 9
  "begin"       shift, and go to state 3
  "if"          shift, and go to state 22
  "with"        shift, and go to state 2
  "print"       shift, and go to state 20
  "for"         shift, and go to state 23
  "read"        shift, and go to state 19
  "while"       shift, and go to state 24

  contenedor    go to state 10
  instruccion_unica  go to state 11
  secuenciacion  go to state 12
  asignacion    go to state 13
  bloque        go to state 14
  entrada_salida  go to state 15
  repeticion_det  go to state 16
  repeticion_indet  go to state 17
  condicional   go to state 18
  instrucciones  go to state 21
  instruccion   go to state 135

state 132

  43) repeticion_det : "for" "id" "from" expresion "to" _ expresion "->" instruccion "end"
  44) repeticion_det : "for" "id" "from" expresion "to" _ expresion "step" expresion "->" instruccion "end"

  "#"           shift, and go to state 53
  "$"           shift, and go to state 54
  "("           shift, and go to state 49
  "{"           shift, and go to state 42
  "-"           shift, and go to state 51
  "not"         shift, and go to state 52
  "caracter"    shift, and go to state 40
  "false"       shift, and go to state 38
  "true"        shift, and go to state 37
  "id"          shift, and go to state 9
  "numero"      shift, and go to state 39

  contenedor    go to state 35
  literal       go to state 36
  matriz        go to state 41
  expresion     go to state 136
  expresion_aritm  go to state 44
  expresion_bool  go to state 45
  expresion_char  go to state 46
  expresion_rel  go to state 47
  expresion_matr  go to state 48
  valor         go to state 50

state 133

  45) repeticion_indet : "while" expresion "->" instruccion "end" _

  $default      reduce using rule 45 (repeticion_indet)


state 134

   6) tipo : "matrix" "[" expresiones _ "]" "of" tipo
  25) expresiones : expresiones _ "," expresion

  ","           shift, and go to state 105
  "]"           shift, and go to state 137


state 135

  42) condicional : "if" expresion "->" instruccion "otherwise" instruccion _ "end"

  "end"         shift, and go to state 138


state 136

  43) repeticion_det : "for" "id" "from" expresion "to" expresion _ "->" instruccion "end"
  44) repeticion_det : "for" "id" "from" expresion "to" expresion _ "step" expresion "->" instruccion "end"
  53) expresion_aritm : expresion _ "+" expresion
  54) expresion_aritm : expresion _ "-" expresion
  55) expresion_aritm : expresion _ "*" expresion
  56) expresion_aritm : expresion _ "/" expresion
  57) expresion_aritm : expresion _ "%" expresion
  59) expresion_bool : expresion _ "/\\" expresion
  60) expresion_bool : expresion _ "\\/" expresion
  62) expresion_char : expresion _ "++"
  63) expresion_char : expresion _ "--"
  65) expresion_matr : expresion _ "::" expresion
  67) expresion_matr : expresion _ "?"
  68) expresion_matr : expresion _ "[" expresiones "]"
  69) expresion_rel : expresion _ "=" expresion
  70) expresion_rel : expresion _ "/=" expresion
  71) expresion_rel : expresion _ "<" expresion
  72) expresion_rel : expresion _ ">" expresion
  73) expresion_rel : expresion _ "<=" expresion
  74) expresion_rel : expresion _ ">=" expresion

  "/\\"         shift, and go to state 75
  "\\/"         shift, and go to state 76
  "<="          shift, and go to state 86
  ">="          shift, and go to state 87
  "/="          shift, and go to state 83
  "++"          shift, and go to state 77
  "--"          shift, and go to state 78
  "::"          shift, and go to state 79
  "->"          shift, and go to state 139
  "<"           shift, and go to state 84
  ">"           shift, and go to state 85
  "="           shift, and go to state 82
  "?"           shift, and go to state 80
  "["           shift, and go to state 81
  "+"           shift, and go to state 70
  "-"           shift, and go to state 71
  "*"           shift, and go to state 72
  "/"           shift, and go to state 73
  "%"           shift, and go to state 74
  "step"        shift, and go to state 140


state 137

   6) tipo : "matrix" "[" expresiones "]" _ "of" tipo

  "of"          shift, and go to state 141


state 138

  42) condicional : "if" expresion "->" instruccion "otherwise" instruccion "end" _

  $default      reduce using rule 42 (condicional)


state 139

  43) repeticion_det : "for" "id" "from" expresion "to" expresion "->" _ instruccion "end"

  "id"          shift, and go to state 9
  "begin"       shift, and go to state 3
  "if"          shift, and go to state 22
  "with"        shift, and go to state 2
  "print"       shift, and go to state 20
  "for"         shift, and go to state 23
  "read"        shift, and go to state 19
  "while"       shift, and go to state 24

  contenedor    go to state 10
  instruccion_unica  go to state 11
  secuenciacion  go to state 12
  asignacion    go to state 13
  bloque        go to state 14
  entrada_salida  go to state 15
  repeticion_det  go to state 16
  repeticion_indet  go to state 17
  condicional   go to state 18
  instrucciones  go to state 21
  instruccion   go to state 142

state 140

  44) repeticion_det : "for" "id" "from" expresion "to" expresion "step" _ expresion "->" instruccion "end"

  "#"           shift, and go to state 53
  "$"           shift, and go to state 54
  "("           shift, and go to state 49
  "{"           shift, and go to state 42
  "-"           shift, and go to state 51
  "not"         shift, and go to state 52
  "caracter"    shift, and go to state 40
  "false"       shift, and go to state 38
  "true"        shift, and go to state 37
  "id"          shift, and go to state 9
  "numero"      shift, and go to state 39

  contenedor    go to state 35
  literal       go to state 36
  matriz        go to state 41
  expresion     go to state 143
  expresion_aritm  go to state 44
  expresion_bool  go to state 45
  expresion_char  go to state 46
  expresion_rel  go to state 47
  expresion_matr  go to state 48
  valor         go to state 50

state 141

   6) tipo : "matrix" "[" expresiones "]" "of" _ tipo

  "char"        shift, and go to state 97
  "bool"        shift, and go to state 98
  "matrix"      shift, and go to state 100
  "int"         shift, and go to state 99

  tipo          go to state 144

state 142

  43) repeticion_det : "for" "id" "from" expresion "to" expresion "->" instruccion _ "end"

  "end"         shift, and go to state 145


state 143

  44) repeticion_det : "for" "id" "from" expresion "to" expresion "step" expresion _ "->" instruccion "end"
  53) expresion_aritm : expresion _ "+" expresion
  54) expresion_aritm : expresion _ "-" expresion
  55) expresion_aritm : expresion _ "*" expresion
  56) expresion_aritm : expresion _ "/" expresion
  57) expresion_aritm : expresion _ "%" expresion
  59) expresion_bool : expresion _ "/\\" expresion
  60) expresion_bool : expresion _ "\\/" expresion
  62) expresion_char : expresion _ "++"
  63) expresion_char : expresion _ "--"
  65) expresion_matr : expresion _ "::" expresion
  67) expresion_matr : expresion _ "?"
  68) expresion_matr : expresion _ "[" expresiones "]"
  69) expresion_rel : expresion _ "=" expresion
  70) expresion_rel : expresion _ "/=" expresion
  71) expresion_rel : expresion _ "<" expresion
  72) expresion_rel : expresion _ ">" expresion
  73) expresion_rel : expresion _ "<=" expresion
  74) expresion_rel : expresion _ ">=" expresion

  "/\\"         shift, and go to state 75
  "\\/"         shift, and go to state 76
  "<="          shift, and go to state 86
  ">="          shift, and go to state 87
  "/="          shift, and go to state 83
  "++"          shift, and go to state 77
  "--"          shift, and go to state 78
  "::"          shift, and go to state 79
  "->"          shift, and go to state 146
  "<"           shift, and go to state 84
  ">"           shift, and go to state 85
  "="           shift, and go to state 82
  "?"           shift, and go to state 80
  "["           shift, and go to state 81
  "+"           shift, and go to state 70
  "-"           shift, and go to state 71
  "*"           shift, and go to state 72
  "/"           shift, and go to state 73
  "%"           shift, and go to state 74


state 144

   6) tipo : "matrix" "[" expresiones "]" "of" tipo _

  $default      reduce using rule 6 (tipo)


state 145

  43) repeticion_det : "for" "id" "from" expresion "to" expresion "->" instruccion "end" _

  $default      reduce using rule 43 (repeticion_det)


state 146

  44) repeticion_det : "for" "id" "from" expresion "to" expresion "step" expresion "->" _ instruccion "end"

  "id"          shift, and go to state 9
  "begin"       shift, and go to state 3
  "if"          shift, and go to state 22
  "with"        shift, and go to state 2
  "print"       shift, and go to state 20
  "for"         shift, and go to state 23
  "read"        shift, and go to state 19
  "while"       shift, and go to state 24

  contenedor    go to state 10
  instruccion_unica  go to state 11
  secuenciacion  go to state 12
  asignacion    go to state 13
  bloque        go to state 14
  entrada_salida  go to state 15
  repeticion_det  go to state 16
  repeticion_indet  go to state 17
  condicional   go to state 18
  instrucciones  go to state 21
  instruccion   go to state 147

state 147

  44) repeticion_det : "for" "id" "from" expresion "to" expresion "step" expresion "->" instruccion _ "end"

  "end"         shift, and go to state 148


state 148

  44) repeticion_det : "for" "id" "from" expresion "to" expresion "step" expresion "->" instruccion "end" _

  $default      reduce using rule 44 (repeticion_det)

